<?xml version="1.0" encoding="UTF-8"?>
<testng-results skipped="0" failed="0" ignored="0" total="1" passed="1">
  <reporter-output>
  </reporter-output>
  <suite name="Default suite" duration-ms="14167" started-at="2020-09-14T17:58:23 IST" finished-at="2020-09-14T17:58:37 IST">
    <groups>
    </groups>
    <test name="Default test" duration-ms="14167" started-at="2020-09-14T17:58:23 IST" finished-at="2020-09-14T17:58:37 IST">
      <class name="Sample.Demo.App">
        <test-method status="PASS" signature="setupp()[pri:0, instance:Sample.Demo.App@43814d18]" name="setupp" is-config="true" duration-ms="14038" started-at="2020-09-14T17:58:23 IST" finished-at="2020-09-14T17:58:37 IST">
          <reporter-output>
          </reporter-output>
        </test-method> <!-- setupp -->
        <test-method status="PASS" signature="name()[pri:0, instance:Sample.Demo.App@43814d18]" name="name" duration-ms="22" started-at="2020-09-14T17:58:37 IST" finished-at="2020-09-14T17:58:37 IST">
          <reporter-output>
          </reporter-output>
        </test-method> <!-- name -->
      </class> <!-- Sample.Demo.App -->
    </test> <!-- Default test -->
  </suite> <!-- Default suite -->
</testng-results>
